mode: set
github.com/example.com/foo/pkg/kptfile/v1/condition.go:10.57,13.24 3 1
github.com/example.com/foo/pkg/kptfile/v1/condition.go:13.24,15.17 2 1
github.com/example.com/foo/pkg/kptfile/v1/condition.go:15.17,17.4 1 1
github.com/example.com/foo/pkg/kptfile/v1/condition.go:19.2,19.18 1 1
github.com/example.com/foo/pkg/kptfile/v1/condition.go:19.18,20.24 1 1
github.com/example.com/foo/pkg/kptfile/v1/condition.go:20.24,22.4 1 1
github.com/example.com/foo/pkg/kptfile/v1/condition.go:23.3,23.25 1 1
github.com/example.com/foo/pkg/kptfile/v1/condition.go:25.2,25.18 1 1
github.com/example.com/foo/pkg/kptfile/v1/condition.go:25.18,26.24 1 1
github.com/example.com/foo/pkg/kptfile/v1/condition.go:26.24,28.4 1 1
github.com/example.com/foo/pkg/kptfile/v1/condition.go:29.3,29.25 1 1
github.com/example.com/foo/pkg/kptfile/v1/condition.go:31.2,31.20 1 1
github.com/example.com/foo/pkg/kptfile/v1/kpt.go:24.35,28.2 1 1
github.com/example.com/foo/pkg/kptfile/v1/kpt.go:37.55,39.49 2 1
github.com/example.com/foo/pkg/kptfile/v1/kpt.go:39.49,41.3 1 0
github.com/example.com/foo/pkg/kptfile/v1/kpt.go:42.2,43.15 2 1
github.com/example.com/foo/pkg/kptfile/v1/kpt.go:48.45,49.22 1 0
github.com/example.com/foo/pkg/kptfile/v1/kpt.go:49.22,51.3 1 0
github.com/example.com/foo/pkg/kptfile/v1/kpt.go:52.2,53.16 2 0
github.com/example.com/foo/pkg/kptfile/v1/kpt.go:53.16,55.3 1 0
github.com/example.com/foo/pkg/kptfile/v1/kpt.go:56.2,57.15 2 0
github.com/example.com/foo/pkg/kptfile/v1/kpt.go:62.61,64.16 2 0
github.com/example.com/foo/pkg/kptfile/v1/kpt.go:64.16,66.3 1 0
github.com/example.com/foo/pkg/kptfile/v1/kpt.go:67.2,67.30 1 0
github.com/example.com/foo/pkg/kptfile/v1/kpt.go:71.47,73.2 1 1
github.com/example.com/foo/pkg/kptfile/v1/kpt.go:77.55,79.34 1 1
github.com/example.com/foo/pkg/kptfile/v1/kpt.go:79.34,83.3 1 1
github.com/example.com/foo/pkg/kptfile/v1/kpt.go:86.2,86.24 1 1
github.com/example.com/foo/pkg/kptfile/v1/kpt.go:86.24,88.61 2 1
github.com/example.com/foo/pkg/kptfile/v1/kpt.go:88.61,89.33 1 1
github.com/example.com/foo/pkg/kptfile/v1/kpt.go:89.33,90.13 1 1
github.com/example.com/foo/pkg/kptfile/v1/kpt.go:92.4,93.17 2 1
github.com/example.com/foo/pkg/kptfile/v1/kpt.go:95.3,95.14 1 1
github.com/example.com/foo/pkg/kptfile/v1/kpt.go:95.14,97.4 1 1
github.com/example.com/foo/pkg/kptfile/v1/kpt.go:102.46,103.80 1 0
github.com/example.com/foo/pkg/kptfile/v1/kpt.go:103.80,105.3 1 0
github.com/example.com/foo/pkg/kptfile/v1/kpt.go:107.2,107.55 1 0
github.com/example.com/foo/pkg/kptfile/v1/kpt.go:107.55,108.19 1 0
github.com/example.com/foo/pkg/kptfile/v1/kpt.go:108.19,110.4 1 0
github.com/example.com/foo/pkg/kptfile/v1/kpt.go:116.60,117.80 1 1
github.com/example.com/foo/pkg/kptfile/v1/kpt.go:117.80,119.3 1 1
github.com/example.com/foo/pkg/kptfile/v1/kpt.go:121.2,121.53 1 1
github.com/example.com/foo/pkg/kptfile/v1/kpt.go:121.53,122.19 1 1
github.com/example.com/foo/pkg/kptfile/v1/kpt.go:122.19,124.4 1 1
github.com/example.com/foo/pkg/kptfile/v1/kpt.go:126.2,126.12 1 1
github.com/example.com/foo/pkg/kptfile/v1/kpt.go:131.53,132.80 1 1
github.com/example.com/foo/pkg/kptfile/v1/kpt.go:132.80,134.3 1 0
github.com/example.com/foo/pkg/kptfile/v1/kpt.go:135.2,135.41 1 1
